Performing C SOURCE FILE Test HAVE_STRUCT_STAT_ST_MTIM failed with the following output:
Change Dir: /Users/dragon/Documents/libgit2/build_ios/CMakeFiles/CMakeTmp

Run Build Command:"/usr/bin/xcodebuild" "-project" "CMAKE_TRY_COMPILE.xcodeproj" "build" "-target" "cmTC_da7bb" "-configuration" "Debug"
2016-11-22 17:58:29.378 xcodebuild[13808:1623693] [MT] PluginLoading: Required plug-in compatibility UUID DA4FDFD8-C509-4D8B-8B55-84A7B66AE701 for plug-in at path '~/Library/Application Support/Developer/Shared/Xcode/Plug-ins/Unity4XC.xcplugin' not present in DVTPlugInCompatibilityUUIDs
=== BUILD TARGET cmTC_da7bb OF PROJECT CMAKE_TRY_COMPILE WITH CONFIGURATION Debug ===

Check dependencies

Write auxiliary files
/bin/mkdir -p /Users/dragon/Documents/libgit2/build_ios/CMakeFiles/CMakeTmp/CMAKE_TRY_COMPILE.build/Debug/cmTC_da7bb.build/Objects-normal/x86_64
write-file /Users/dragon/Documents/libgit2/build_ios/CMakeFiles/CMakeTmp/CMAKE_TRY_COMPILE.build/Debug/cmTC_da7bb.build/Objects-normal/x86_64/cmTC_da7bb.LinkFileList

CompileC CMAKE_TRY_COMPILE.build/Debug/cmTC_da7bb.build/Objects-normal/x86_64/src.o src.c normal x86_64 c com.apple.compilers.llvm.clang.1_0.compiler
    cd /Users/dragon/Documents/libgit2/build_ios/CMakeFiles/CMakeTmp
    export LANG=en_US.US-ASCII
    /Applications/Xcode.app/Contents/Developer/Toolchains/XcodeDefault.xctoolchain/usr/bin/clang -x c -arch x86_64 -fmessage-length=0 -fdiagnostics-show-note-include-stack -fmacro-backtrace-limit=0 -Wno-trigraphs -fpascal-strings -O0 -Wno-missing-field-initializers -Wno-missing-prototypes -Wno-return-type -Wno-missing-braces -Wparentheses -Wswitch -Wno-unused-function -Wno-unused-label -Wno-unused-parameter -Wno-unused-variable -Wunused-value -Wno-empty-body -Wno-uninitialized -Wno-unknown-pragmas -Wno-shadow -Wno-four-char-constants -Wno-conversion -Wno-constant-conversion -Wno-int-conversion -Wno-bool-conversion -Wno-enum-conversion -Wno-shorten-64-to-32 -Wpointer-sign -Wno-newline-eof -DCMAKE_INTDIR=\"Debug\" -isysroot /Applications/Xcode.app/Contents/Developer/Platforms/MacOSX.platform/Developer/SDKs/MacOSX10.12.sdk -fasm-blocks -fstrict-aliasing -Wdeprecated-declarations -mmacosx-version-min=10.11 -g -Wno-sign-conversion -Wno-infinite-recursion -I/Users/dragon/Documents/libgit2/build_ios/CMakeFiles/CMakeTmp/Debug/include -I/Users/dragon/Documents/libgit2/build_ios/CMakeFiles/CMakeTmp/CMAKE_TRY_COMPILE.build/Debug/cmTC_da7bb.build/DerivedSources/x86_64 -I/Users/dragon/Documents/libgit2/build_ios/CMakeFiles/CMakeTmp/CMAKE_TRY_COMPILE.build/Debug/cmTC_da7bb.build/DerivedSources -Wmost -Wno-four-char-constants -Wno-unknown-pragmas -F/Users/dragon/Documents/libgit2/build_ios/CMakeFiles/CMakeTmp/Debug -DHAVE_STRUCT_STAT_ST_MTIM -MMD -MT dependencies -MF /Users/dragon/Documents/libgit2/build_ios/CMakeFiles/CMakeTmp/CMAKE_TRY_COMPILE.build/Debug/cmTC_da7bb.build/Objects-normal/x86_64/src.d --serialize-diagnostics /Users/dragon/Documents/libgit2/build_ios/CMakeFiles/CMakeTmp/CMAKE_TRY_COMPILE.build/Debug/cmTC_da7bb.build/Objects-normal/x86_64/src.dia -c /Users/dragon/Documents/libgit2/build_ios/CMakeFiles/CMakeTmp/src.c -o /Users/dragon/Documents/libgit2/build_ios/CMakeFiles/CMakeTmp/CMAKE_TRY_COMPILE.build/Debug/cmTC_da7bb.build/Objects-normal/x86_64/src.o
/Users/dragon/Documents/libgit2/build_ios/CMakeFiles/CMakeTmp/src.c:7:37: error: no member named 'st_mtim' in 'struct stat'
   (void)sizeof(((struct stat *)0)->st_mtim);
                ~~~~~~~~~~~~~~~~~~  ^
1 error generated.

** BUILD FAILED **


The following build commands failed:
	CompileC CMAKE_TRY_COMPILE.build/Debug/cmTC_da7bb.build/Objects-normal/x86_64/src.o src.c normal x86_64 c com.apple.compilers.llvm.clang.1_0.compiler
(1 failure)

Source file was:

#include <sys/types.h>
#include <sys/stat.h>

int main()
{
   (void)sizeof(((struct stat *)0)->st_mtim);
   return 0;
}

Performing C SOURCE FILE Test HAVE_STRUCT_STAT_MTIME_NSEC failed with the following output:
Change Dir: /Users/dragon/Documents/libgit2/build_ios/CMakeFiles/CMakeTmp

Run Build Command:"/usr/bin/xcodebuild" "-project" "CMAKE_TRY_COMPILE.xcodeproj" "build" "-target" "cmTC_b5b2b" "-configuration" "Debug"
2016-11-22 17:58:31.158 xcodebuild[13841:1623783] [MT] PluginLoading: Required plug-in compatibility UUID DA4FDFD8-C509-4D8B-8B55-84A7B66AE701 for plug-in at path '~/Library/Application Support/Developer/Shared/Xcode/Plug-ins/Unity4XC.xcplugin' not present in DVTPlugInCompatibilityUUIDs
=== BUILD TARGET cmTC_b5b2b OF PROJECT CMAKE_TRY_COMPILE WITH CONFIGURATION Debug ===

Check dependencies

Write auxiliary files
/bin/mkdir -p /Users/dragon/Documents/libgit2/build_ios/CMakeFiles/CMakeTmp/CMAKE_TRY_COMPILE.build/Debug/cmTC_b5b2b.build/Objects-normal/x86_64
write-file /Users/dragon/Documents/libgit2/build_ios/CMakeFiles/CMakeTmp/CMAKE_TRY_COMPILE.build/Debug/cmTC_b5b2b.build/Objects-normal/x86_64/cmTC_b5b2b.LinkFileList

CompileC CMAKE_TRY_COMPILE.build/Debug/cmTC_b5b2b.build/Objects-normal/x86_64/src.o src.c normal x86_64 c com.apple.compilers.llvm.clang.1_0.compiler
    cd /Users/dragon/Documents/libgit2/build_ios/CMakeFiles/CMakeTmp
    export LANG=en_US.US-ASCII
    /Applications/Xcode.app/Contents/Developer/Toolchains/XcodeDefault.xctoolchain/usr/bin/clang -x c -arch x86_64 -fmessage-length=0 -fdiagnostics-show-note-include-stack -fmacro-backtrace-limit=0 -Wno-trigraphs -fpascal-strings -O0 -Wno-missing-field-initializers -Wno-missing-prototypes -Wno-return-type -Wno-missing-braces -Wparentheses -Wswitch -Wno-unused-function -Wno-unused-label -Wno-unused-parameter -Wno-unused-variable -Wunused-value -Wno-empty-body -Wno-uninitialized -Wno-unknown-pragmas -Wno-shadow -Wno-four-char-constants -Wno-conversion -Wno-constant-conversion -Wno-int-conversion -Wno-bool-conversion -Wno-enum-conversion -Wno-shorten-64-to-32 -Wpointer-sign -Wno-newline-eof -DCMAKE_INTDIR=\"Debug\" -isysroot /Applications/Xcode.app/Contents/Developer/Platforms/MacOSX.platform/Developer/SDKs/MacOSX10.12.sdk -fasm-blocks -fstrict-aliasing -Wdeprecated-declarations -mmacosx-version-min=10.11 -g -Wno-sign-conversion -Wno-infinite-recursion -I/Users/dragon/Documents/libgit2/build_ios/CMakeFiles/CMakeTmp/Debug/include -I/Users/dragon/Documents/libgit2/build_ios/CMakeFiles/CMakeTmp/CMAKE_TRY_COMPILE.build/Debug/cmTC_b5b2b.build/DerivedSources/x86_64 -I/Users/dragon/Documents/libgit2/build_ios/CMakeFiles/CMakeTmp/CMAKE_TRY_COMPILE.build/Debug/cmTC_b5b2b.build/DerivedSources -Wmost -Wno-four-char-constants -Wno-unknown-pragmas -F/Users/dragon/Documents/libgit2/build_ios/CMakeFiles/CMakeTmp/Debug -DHAVE_STRUCT_STAT_MTIME_NSEC -MMD -MT dependencies -MF /Users/dragon/Documents/libgit2/build_ios/CMakeFiles/CMakeTmp/CMAKE_TRY_COMPILE.build/Debug/cmTC_b5b2b.build/Objects-normal/x86_64/src.d --serialize-diagnostics /Users/dragon/Documents/libgit2/build_ios/CMakeFiles/CMakeTmp/CMAKE_TRY_COMPILE.build/Debug/cmTC_b5b2b.build/Objects-normal/x86_64/src.dia -c /Users/dragon/Documents/libgit2/build_ios/CMakeFiles/CMakeTmp/src.c -o /Users/dragon/Documents/libgit2/build_ios/CMakeFiles/CMakeTmp/CMAKE_TRY_COMPILE.build/Debug/cmTC_b5b2b.build/Objects-normal/x86_64/src.o
/Users/dragon/Documents/libgit2/build_ios/CMakeFiles/CMakeTmp/src.c:6:37: error: no member named 'st_mtime_nsec' in 'struct stat'; did you mean 'st_mtimespec'?
   (void)sizeof(((struct stat *)0)->st_mtime_nsec);
                                    ^~~~~~~~~~~~~
                                    st_mtimespec
In file included from /Users/dragon/Documents/libgit2/build_ios/CMakeFiles/CMakeTmp/src.c:2:
/Applications/Xcode.app/Contents/Developer/Platforms/MacOSX.platform/Developer/SDKs/MacOSX10.12.sdk/usr/include/sys/stat.h:182:13: note: 'st_mtimespec' declared here
struct stat __DARWIN_STRUCT_STAT64;
            ^
/Applications/Xcode.app/Contents/Developer/Platforms/MacOSX.platform/Developer/SDKs/MacOSX10.12.sdk/usr/include/sys/stat.h:166:2: note: expanded from macro '__DARWIN_STRUCT_STAT64'
        __DARWIN_STRUCT_STAT64_TIMES \
        ^
/Applications/Xcode.app/Contents/Developer/Platforms/MacOSX.platform/Developer/SDKs/MacOSX10.12.sdk/usr/include/sys/stat.h:130:18: note: expanded from macro '__DARWIN_STRUCT_STAT64_TIMES'
        struct timespec st_mtimespec;           /* time of last data modification */ \
                        ^
1 error generated.

** BUILD FAILED **


The following build commands failed:
	CompileC CMAKE_TRY_COMPILE.build/Debug/cmTC_b5b2b.build/Objects-normal/x86_64/src.o src.c normal x86_64 c com.apple.compilers.llvm.clang.1_0.compiler
(1 failure)

Source file was:

#include <sys/stat.h>

int main()
{
   (void)sizeof(((struct stat *)0)->st_mtime_nsec);
   return 0;
}

Determining if the function futimens exists failed with the following output:
Change Dir: /Users/dragon/Documents/libgit2/build_ios/CMakeFiles/CMakeTmp

Run Build Command:"/usr/bin/xcodebuild" "-project" "CMAKE_TRY_COMPILE.xcodeproj" "build" "-target" "cmTC_8842c" "-configuration" "Debug"
2016-11-22 17:58:43.126 xcodebuild[14068:1624480] [MT] PluginLoading: Required plug-in compatibility UUID DA4FDFD8-C509-4D8B-8B55-84A7B66AE701 for plug-in at path '~/Library/Application Support/Developer/Shared/Xcode/Plug-ins/Unity4XC.xcplugin' not present in DVTPlugInCompatibilityUUIDs
=== BUILD TARGET cmTC_8842c OF PROJECT CMAKE_TRY_COMPILE WITH CONFIGURATION Debug ===

Check dependencies

Write auxiliary files
/bin/mkdir -p /Users/dragon/Documents/libgit2/build_ios/CMakeFiles/CMakeTmp/CMAKE_TRY_COMPILE.build/Debug/cmTC_8842c.build/Objects-normal/x86_64
write-file /Users/dragon/Documents/libgit2/build_ios/CMakeFiles/CMakeTmp/CMAKE_TRY_COMPILE.build/Debug/cmTC_8842c.build/Objects-normal/x86_64/cmTC_8842c.LinkFileList

CompileC CMAKE_TRY_COMPILE.build/Debug/cmTC_8842c.build/Objects-normal/x86_64/CheckFunctionExists.o /Applications/CMake.app/Contents/share/cmake-3.6/Modules/CheckFunctionExists.c normal x86_64 c com.apple.compilers.llvm.clang.1_0.compiler
    cd /Users/dragon/Documents/libgit2/build_ios/CMakeFiles/CMakeTmp
    export LANG=en_US.US-ASCII
    /Applications/Xcode.app/Contents/Developer/Toolchains/XcodeDefault.xctoolchain/usr/bin/clang -x c -arch x86_64 -fmessage-length=0 -fdiagnostics-show-note-include-stack -fmacro-backtrace-limit=0 -Wno-trigraphs -fpascal-strings -O0 -Wno-missing-field-initializers -Wno-missing-prototypes -Wno-return-type -Wno-missing-braces -Wparentheses -Wswitch -Wno-unused-function -Wno-unused-label -Wno-unused-parameter -Wno-unused-variable -Wunused-value -Wno-empty-body -Wno-uninitialized -Wno-unknown-pragmas -Wno-shadow -Wno-four-char-constants -Wno-conversion -Wno-constant-conversion -Wno-int-conversion -Wno-bool-conversion -Wno-enum-conversion -Wno-shorten-64-to-32 -Wpointer-sign -Wno-newline-eof -DCMAKE_INTDIR=\"Debug\" -isysroot /Applications/Xcode.app/Contents/Developer/Platforms/MacOSX.platform/Developer/SDKs/MacOSX10.12.sdk -fasm-blocks -fstrict-aliasing -Wdeprecated-declarations -mmacosx-version-min=10.11 -g -Wno-sign-conversion -Wno-infinite-recursion -I/Users/dragon/Documents/libgit2/build_ios/CMakeFiles/CMakeTmp/Debug/include -I/Users/dragon/Documents/libgit2/build_ios/CMakeFiles/CMakeTmp/CMAKE_TRY_COMPILE.build/Debug/cmTC_8842c.build/DerivedSources/x86_64 -I/Users/dragon/Documents/libgit2/build_ios/CMakeFiles/CMakeTmp/CMAKE_TRY_COMPILE.build/Debug/cmTC_8842c.build/DerivedSources -Wmost -Wno-four-char-constants -Wno-unknown-pragmas -F/Users/dragon/Documents/libgit2/build_ios/CMakeFiles/CMakeTmp/Debug -D_GNU_SOURCE -Wall -Wextra -fvisibility=hidden -fPIC -Wdocumentation -Wno-missing-field-initializers -Wstrict-aliasing=2 -Wstrict-prototypes -Wdeclaration-after-statement -Wno-unused-const-variable -Wno-unused-function -Wno-deprecated-declarations -DCHECK_FUNCTION_EXISTS=futimens -MMD -MT dependencies -MF /Users/dragon/Documents/libgit2/build_ios/CMakeFiles/CMakeTmp/CMAKE_TRY_COMPILE.build/Debug/cmTC_8842c.build/Objects-normal/x86_64/CheckFunctionExists.d --serialize-diagnostics /Users/dragon/Documents/libgit2/build_ios/CMakeFiles/CMakeTmp/CMAKE_TRY_COMPILE.build/Debug/cmTC_8842c.build/Objects-normal/x86_64/CheckFunctionExists.dia -c /Applications/CMake.app/Contents/share/cmake-3.6/Modules/CheckFunctionExists.c -o /Users/dragon/Documents/libgit2/build_ios/CMakeFiles/CMakeTmp/CMAKE_TRY_COMPILE.build/Debug/cmTC_8842c.build/Objects-normal/x86_64/CheckFunctionExists.o

Ld Debug/cmTC_8842c normal x86_64
    cd /Users/dragon/Documents/libgit2/build_ios/CMakeFiles/CMakeTmp
    export MACOSX_DEPLOYMENT_TARGET=10.11
    /Applications/Xcode.app/Contents/Developer/Toolchains/XcodeDefault.xctoolchain/usr/bin/clang -arch x86_64 -isysroot /Applications/Xcode.app/Contents/Developer/Platforms/MacOSX.platform/Developer/SDKs/MacOSX10.12.sdk -L/Users/dragon/Documents/libgit2/build_ios/CMakeFiles/CMakeTmp/Debug -F/Users/dragon/Documents/libgit2/build_ios/CMakeFiles/CMakeTmp/Debug -filelist /Users/dragon/Documents/libgit2/build_ios/CMakeFiles/CMakeTmp/CMAKE_TRY_COMPILE.build/Debug/cmTC_8842c.build/Objects-normal/x86_64/cmTC_8842c.LinkFileList -mmacosx-version-min=10.11 -Xlinker -object_path_lto -Xlinker /Users/dragon/Documents/libgit2/build_ios/CMakeFiles/CMakeTmp/CMAKE_TRY_COMPILE.build/Debug/cmTC_8842c.build/Objects-normal/x86_64/cmTC_8842c_lto.o -Xlinker -no_deduplicate -Wl,-search_paths_first -Wl,-headerpad_max_install_names -Xlinker -dependency_info -Xlinker /Users/dragon/Documents/libgit2/build_ios/CMakeFiles/CMakeTmp/CMAKE_TRY_COMPILE.build/Debug/cmTC_8842c.build/Objects-normal/x86_64/cmTC_8842c_dependency_info.dat -o /Users/dragon/Documents/libgit2/build_ios/CMakeFiles/CMakeTmp/Debug/cmTC_8842c
Undefined symbols for architecture x86_64:
  "_futimens", referenced from:
      _main in CheckFunctionExists.o
ld: symbol(s) not found for architecture x86_64
clang: error: linker command failed with exit code 1 (use -v to see invocation)

** BUILD FAILED **


The following build commands failed:
	Ld Debug/cmTC_8842c normal x86_64
(1 failure)


Determining if the function qsort_s exists failed with the following output:
Change Dir: /Users/dragon/Documents/libgit2/build_ios/CMakeFiles/CMakeTmp

Run Build Command:"/usr/bin/xcodebuild" "-project" "CMAKE_TRY_COMPILE.xcodeproj" "build" "-target" "cmTC_b2cf4" "-configuration" "Debug"
2016-11-22 17:58:44.744 xcodebuild[14102:1624574] [MT] PluginLoading: Required plug-in compatibility UUID DA4FDFD8-C509-4D8B-8B55-84A7B66AE701 for plug-in at path '~/Library/Application Support/Developer/Shared/Xcode/Plug-ins/Unity4XC.xcplugin' not present in DVTPlugInCompatibilityUUIDs
=== BUILD TARGET cmTC_b2cf4 OF PROJECT CMAKE_TRY_COMPILE WITH CONFIGURATION Debug ===

Check dependencies

Write auxiliary files
/bin/mkdir -p /Users/dragon/Documents/libgit2/build_ios/CMakeFiles/CMakeTmp/CMAKE_TRY_COMPILE.build/Debug/cmTC_b2cf4.build/Objects-normal/x86_64
write-file /Users/dragon/Documents/libgit2/build_ios/CMakeFiles/CMakeTmp/CMAKE_TRY_COMPILE.build/Debug/cmTC_b2cf4.build/Objects-normal/x86_64/cmTC_b2cf4.LinkFileList

CompileC CMAKE_TRY_COMPILE.build/Debug/cmTC_b2cf4.build/Objects-normal/x86_64/CheckFunctionExists.o /Applications/CMake.app/Contents/share/cmake-3.6/Modules/CheckFunctionExists.c normal x86_64 c com.apple.compilers.llvm.clang.1_0.compiler
    cd /Users/dragon/Documents/libgit2/build_ios/CMakeFiles/CMakeTmp
    export LANG=en_US.US-ASCII
    /Applications/Xcode.app/Contents/Developer/Toolchains/XcodeDefault.xctoolchain/usr/bin/clang -x c -arch x86_64 -fmessage-length=0 -fdiagnostics-show-note-include-stack -fmacro-backtrace-limit=0 -Wno-trigraphs -fpascal-strings -O0 -Wno-missing-field-initializers -Wno-missing-prototypes -Wno-return-type -Wno-missing-braces -Wparentheses -Wswitch -Wno-unused-function -Wno-unused-label -Wno-unused-parameter -Wno-unused-variable -Wunused-value -Wno-empty-body -Wno-uninitialized -Wno-unknown-pragmas -Wno-shadow -Wno-four-char-constants -Wno-conversion -Wno-constant-conversion -Wno-int-conversion -Wno-bool-conversion -Wno-enum-conversion -Wno-shorten-64-to-32 -Wpointer-sign -Wno-newline-eof -DCMAKE_INTDIR=\"Debug\" -isysroot /Applications/Xcode.app/Contents/Developer/Platforms/MacOSX.platform/Developer/SDKs/MacOSX10.12.sdk -fasm-blocks -fstrict-aliasing -Wdeprecated-declarations -mmacosx-version-min=10.11 -g -Wno-sign-conversion -Wno-infinite-recursion -I/Users/dragon/Documents/libgit2/build_ios/CMakeFiles/CMakeTmp/Debug/include -I/Users/dragon/Documents/libgit2/build_ios/CMakeFiles/CMakeTmp/CMAKE_TRY_COMPILE.build/Debug/cmTC_b2cf4.build/DerivedSources/x86_64 -I/Users/dragon/Documents/libgit2/build_ios/CMakeFiles/CMakeTmp/CMAKE_TRY_COMPILE.build/Debug/cmTC_b2cf4.build/DerivedSources -Wmost -Wno-four-char-constants -Wno-unknown-pragmas -F/Users/dragon/Documents/libgit2/build_ios/CMakeFiles/CMakeTmp/Debug -D_GNU_SOURCE -Wall -Wextra -fvisibility=hidden -fPIC -Wdocumentation -Wno-missing-field-initializers -Wstrict-aliasing=2 -Wstrict-prototypes -Wdeclaration-after-statement -Wno-unused-const-variable -Wno-unused-function -Wno-deprecated-declarations -DCHECK_FUNCTION_EXISTS=qsort_s -MMD -MT dependencies -MF /Users/dragon/Documents/libgit2/build_ios/CMakeFiles/CMakeTmp/CMAKE_TRY_COMPILE.build/Debug/cmTC_b2cf4.build/Objects-normal/x86_64/CheckFunctionExists.d --serialize-diagnostics /Users/dragon/Documents/libgit2/build_ios/CMakeFiles/CMakeTmp/CMAKE_TRY_COMPILE.build/Debug/cmTC_b2cf4.build/Objects-normal/x86_64/CheckFunctionExists.dia -c /Applications/CMake.app/Contents/share/cmake-3.6/Modules/CheckFunctionExists.c -o /Users/dragon/Documents/libgit2/build_ios/CMakeFiles/CMakeTmp/CMAKE_TRY_COMPILE.build/Debug/cmTC_b2cf4.build/Objects-normal/x86_64/CheckFunctionExists.o

Ld Debug/cmTC_b2cf4 normal x86_64
    cd /Users/dragon/Documents/libgit2/build_ios/CMakeFiles/CMakeTmp
    export MACOSX_DEPLOYMENT_TARGET=10.11
    /Applications/Xcode.app/Contents/Developer/Toolchains/XcodeDefault.xctoolchain/usr/bin/clang -arch x86_64 -isysroot /Applications/Xcode.app/Contents/Developer/Platforms/MacOSX.platform/Developer/SDKs/MacOSX10.12.sdk -L/Users/dragon/Documents/libgit2/build_ios/CMakeFiles/CMakeTmp/Debug -F/Users/dragon/Documents/libgit2/build_ios/CMakeFiles/CMakeTmp/Debug -filelist /Users/dragon/Documents/libgit2/build_ios/CMakeFiles/CMakeTmp/CMAKE_TRY_COMPILE.build/Debug/cmTC_b2cf4.build/Objects-normal/x86_64/cmTC_b2cf4.LinkFileList -mmacosx-version-min=10.11 -Xlinker -object_path_lto -Xlinker /Users/dragon/Documents/libgit2/build_ios/CMakeFiles/CMakeTmp/CMAKE_TRY_COMPILE.build/Debug/cmTC_b2cf4.build/Objects-normal/x86_64/cmTC_b2cf4_lto.o -Xlinker -no_deduplicate -Wl,-search_paths_first -Wl,-headerpad_max_install_names -Xlinker -dependency_info -Xlinker /Users/dragon/Documents/libgit2/build_ios/CMakeFiles/CMakeTmp/CMAKE_TRY_COMPILE.build/Debug/cmTC_b2cf4.build/Objects-normal/x86_64/cmTC_b2cf4_dependency_info.dat -o /Users/dragon/Documents/libgit2/build_ios/CMakeFiles/CMakeTmp/Debug/cmTC_b2cf4
Undefined symbols for architecture x86_64:
  "_qsort_s", referenced from:
      _main in CheckFunctionExists.o
ld: symbol(s) not found for architecture x86_64
clang: error: linker command failed with exit code 1 (use -v to see invocation)

** BUILD FAILED **


The following build commands failed:
	Ld Debug/cmTC_b2cf4 normal x86_64
(1 failure)


Determining if the function clock_gettime exists in the rt failed with the following output:
Change Dir: /Users/dragon/Documents/libgit2/build_ios/CMakeFiles/CMakeTmp

Run Build Command:"/usr/bin/xcodebuild" "-project" "CMAKE_TRY_COMPILE.xcodeproj" "build" "-target" "cmTC_52375" "-configuration" "Debug"
2016-11-22 17:58:47.252 xcodebuild[14153:1624728] [MT] PluginLoading: Required plug-in compatibility UUID DA4FDFD8-C509-4D8B-8B55-84A7B66AE701 for plug-in at path '~/Library/Application Support/Developer/Shared/Xcode/Plug-ins/Unity4XC.xcplugin' not present in DVTPlugInCompatibilityUUIDs
=== BUILD TARGET cmTC_52375 OF PROJECT CMAKE_TRY_COMPILE WITH CONFIGURATION Debug ===

Check dependencies

Write auxiliary files
/bin/mkdir -p /Users/dragon/Documents/libgit2/build_ios/CMakeFiles/CMakeTmp/CMAKE_TRY_COMPILE.build/Debug/cmTC_52375.build/Objects-normal/x86_64
write-file /Users/dragon/Documents/libgit2/build_ios/CMakeFiles/CMakeTmp/CMAKE_TRY_COMPILE.build/Debug/cmTC_52375.build/Objects-normal/x86_64/cmTC_52375.LinkFileList

CompileC CMAKE_TRY_COMPILE.build/Debug/cmTC_52375.build/Objects-normal/x86_64/CheckFunctionExists.o /Applications/CMake.app/Contents/share/cmake-3.6/Modules/CheckFunctionExists.c normal x86_64 c com.apple.compilers.llvm.clang.1_0.compiler
    cd /Users/dragon/Documents/libgit2/build_ios/CMakeFiles/CMakeTmp
    export LANG=en_US.US-ASCII
    /Applications/Xcode.app/Contents/Developer/Toolchains/XcodeDefault.xctoolchain/usr/bin/clang -x c -arch x86_64 -fmessage-length=0 -fdiagnostics-show-note-include-stack -fmacro-backtrace-limit=0 -Wno-trigraphs -fpascal-strings -O0 -Wno-missing-field-initializers -Wno-missing-prototypes -Wno-return-type -Wno-missing-braces -Wparentheses -Wswitch -Wno-unused-function -Wno-unused-label -Wno-unused-parameter -Wno-unused-variable -Wunused-value -Wno-empty-body -Wno-uninitialized -Wno-unknown-pragmas -Wno-shadow -Wno-four-char-constants -Wno-conversion -Wno-constant-conversion -Wno-int-conversion -Wno-bool-conversion -Wno-enum-conversion -Wno-shorten-64-to-32 -Wpointer-sign -Wno-newline-eof -DCMAKE_INTDIR=\"Debug\" -isysroot /Applications/Xcode.app/Contents/Developer/Platforms/MacOSX.platform/Developer/SDKs/MacOSX10.12.sdk -fasm-blocks -fstrict-aliasing -Wdeprecated-declarations -mmacosx-version-min=10.11 -g -Wno-sign-conversion -Wno-infinite-recursion -I/Users/dragon/Documents/libgit2/build_ios/CMakeFiles/CMakeTmp/Debug/include -I/Users/dragon/Documents/libgit2/build_ios/CMakeFiles/CMakeTmp/CMAKE_TRY_COMPILE.build/Debug/cmTC_52375.build/DerivedSources/x86_64 -I/Users/dragon/Documents/libgit2/build_ios/CMakeFiles/CMakeTmp/CMAKE_TRY_COMPILE.build/Debug/cmTC_52375.build/DerivedSources -Wmost -Wno-four-char-constants -Wno-unknown-pragmas -F/Users/dragon/Documents/libgit2/build_ios/CMakeFiles/CMakeTmp/Debug -D_GNU_SOURCE -Wall -Wextra -fvisibility=hidden -fPIC -Wdocumentation -Wno-missing-field-initializers -Wstrict-aliasing=2 -Wstrict-prototypes -Wdeclaration-after-statement -Wno-unused-const-variable -Wno-unused-function -Wno-deprecated-declarations -DCHECK_FUNCTION_EXISTS=clock_gettime -MMD -MT dependencies -MF /Users/dragon/Documents/libgit2/build_ios/CMakeFiles/CMakeTmp/CMAKE_TRY_COMPILE.build/Debug/cmTC_52375.build/Objects-normal/x86_64/CheckFunctionExists.d --serialize-diagnostics /Users/dragon/Documents/libgit2/build_ios/CMakeFiles/CMakeTmp/CMAKE_TRY_COMPILE.build/Debug/cmTC_52375.build/Objects-normal/x86_64/CheckFunctionExists.dia -c /Applications/CMake.app/Contents/share/cmake-3.6/Modules/CheckFunctionExists.c -o /Users/dragon/Documents/libgit2/build_ios/CMakeFiles/CMakeTmp/CMAKE_TRY_COMPILE.build/Debug/cmTC_52375.build/Objects-normal/x86_64/CheckFunctionExists.o

Ld Debug/cmTC_52375 normal x86_64
    cd /Users/dragon/Documents/libgit2/build_ios/CMakeFiles/CMakeTmp
    export MACOSX_DEPLOYMENT_TARGET=10.11
    /Applications/Xcode.app/Contents/Developer/Toolchains/XcodeDefault.xctoolchain/usr/bin/clang -arch x86_64 -isysroot /Applications/Xcode.app/Contents/Developer/Platforms/MacOSX.platform/Developer/SDKs/MacOSX10.12.sdk -L/Users/dragon/Documents/libgit2/build_ios/CMakeFiles/CMakeTmp/Debug -L/Users/dragon/Documents/libgit2/build_ios/CMakeFiles/CMakeTmp/time.h/Debug -L/Users/dragon/Documents/libgit2/build_ios/CMakeFiles/CMakeTmp/time.h -F/Users/dragon/Documents/libgit2/build_ios/CMakeFiles/CMakeTmp/Debug -filelist /Users/dragon/Documents/libgit2/build_ios/CMakeFiles/CMakeTmp/CMAKE_TRY_COMPILE.build/Debug/cmTC_52375.build/Objects-normal/x86_64/cmTC_52375.LinkFileList -Xlinker -rpath -Xlinker /Users/dragon/Documents/libgit2/build_ios/CMakeFiles/CMakeTmp/time.h -mmacosx-version-min=10.11 -Xlinker -object_path_lto -Xlinker /Users/dragon/Documents/libgit2/build_ios/CMakeFiles/CMakeTmp/CMAKE_TRY_COMPILE.build/Debug/cmTC_52375.build/Objects-normal/x86_64/cmTC_52375_lto.o -Xlinker -no_deduplicate -Wl,-search_paths_first -Wl,-headerpad_max_install_names -lrt -Xlinker -dependency_info -Xlinker /Users/dragon/Documents/libgit2/build_ios/CMakeFiles/CMakeTmp/CMAKE_TRY_COMPILE.build/Debug/cmTC_52375.build/Objects-normal/x86_64/cmTC_52375_dependency_info.dat -o /Users/dragon/Documents/libgit2/build_ios/CMakeFiles/CMakeTmp/Debug/cmTC_52375
ld: warning: directory not found for option '-L/Users/dragon/Documents/libgit2/build_ios/CMakeFiles/CMakeTmp/time.h/Debug'
ld: warning: directory not found for option '-L/Users/dragon/Documents/libgit2/build_ios/CMakeFiles/CMakeTmp/time.h'
ld: library not found for -lrt
clang: error: linker command failed with exit code 1 (use -v to see invocation)

** BUILD FAILED **


The following build commands failed:
	Ld Debug/cmTC_52375 normal x86_64
(1 failure)


Performing C SOURCE FILE Test IS_FVISIBILITY=HIDDEN_SUPPORTED failed with the following output:
Change Dir: /Users/dragon/Documents/libgit2/build_ios/CMakeFiles/CMakeTmp

Run Build Command:"/usr/bin/xcodebuild" "-project" "CMAKE_TRY_COMPILE.xcodeproj" "build" "-target" "cmTC_3319d" "-configuration" "Debug"
2016-11-22 18:40:24.921 xcodebuild[14203:1630586] [MT] PluginLoading: Required plug-in compatibility UUID DA4FDFD8-C509-4D8B-8B55-84A7B66AE701 for plug-in at path '~/Library/Application Support/Developer/Shared/Xcode/Plug-ins/Unity4XC.xcplugin' not present in DVTPlugInCompatibilityUUIDs
=== BUILD TARGET cmTC_3319d OF PROJECT CMAKE_TRY_COMPILE WITH CONFIGURATION Debug ===

Check dependencies
target specifies product type 'com.apple.product-type.tool', but there's no such product type for the 'iphoneos' platform

** BUILD FAILED **


The following build commands failed:
	Check dependencies
(1 failure)

Source file was:
int main(void) { return 0; }
Performing C SOURCE FILE Test IS_WSTRICT-ALIASING=2_SUPPORTED failed with the following output:
Change Dir: /Users/dragon/Documents/libgit2/build_ios/CMakeFiles/CMakeTmp

Run Build Command:"/usr/bin/xcodebuild" "-project" "CMAKE_TRY_COMPILE.xcodeproj" "build" "-target" "cmTC_01fb9" "-configuration" "Debug"
2016-11-22 18:40:25.703 xcodebuild[14217:1630688] [MT] PluginLoading: Required plug-in compatibility UUID DA4FDFD8-C509-4D8B-8B55-84A7B66AE701 for plug-in at path '~/Library/Application Support/Developer/Shared/Xcode/Plug-ins/Unity4XC.xcplugin' not present in DVTPlugInCompatibilityUUIDs
=== BUILD TARGET cmTC_01fb9 OF PROJECT CMAKE_TRY_COMPILE WITH CONFIGURATION Debug ===

Check dependencies
target specifies product type 'com.apple.product-type.tool', but there's no such product type for the 'iphoneos' platform

** BUILD FAILED **


The following build commands failed:
	Check dependencies
(1 failure)

Source file was:
int main(void) { return 0; }
Performing C SOURCE FILE Test IS_FVISIBILITY=HIDDEN_SUPPORTED failed with the following output:
Change Dir: /Users/dragon/Documents/libgit2/build_ios/CMakeFiles/CMakeTmp

Run Build Command:"/usr/bin/xcodebuild" "-project" "CMAKE_TRY_COMPILE.xcodeproj" "build" "-target" "cmTC_796fd" "-configuration" "Debug"
2016-11-22 19:11:15.296 xcodebuild[15424:1639972] [MT] PluginLoading: Required plug-in compatibility UUID DA4FDFD8-C509-4D8B-8B55-84A7B66AE701 for plug-in at path '~/Library/Application Support/Developer/Shared/Xcode/Plug-ins/Unity4XC.xcplugin' not present in DVTPlugInCompatibilityUUIDs
=== BUILD TARGET cmTC_796fd OF PROJECT CMAKE_TRY_COMPILE WITH CONFIGURATION Debug ===

Check dependencies
target specifies product type 'com.apple.product-type.tool', but there's no such product type for the 'iphoneos' platform

** BUILD FAILED **


The following build commands failed:
	Check dependencies
(1 failure)

Source file was:
int main(void) { return 0; }
Performing C SOURCE FILE Test IS_WSTRICT-ALIASING=2_SUPPORTED failed with the following output:
Change Dir: /Users/dragon/Documents/libgit2/build_ios/CMakeFiles/CMakeTmp

Run Build Command:"/usr/bin/xcodebuild" "-project" "CMAKE_TRY_COMPILE.xcodeproj" "build" "-target" "cmTC_9b08a" "-configuration" "Debug"
2016-11-22 19:11:16.074 xcodebuild[15437:1640031] [MT] PluginLoading: Required plug-in compatibility UUID DA4FDFD8-C509-4D8B-8B55-84A7B66AE701 for plug-in at path '~/Library/Application Support/Developer/Shared/Xcode/Plug-ins/Unity4XC.xcplugin' not present in DVTPlugInCompatibilityUUIDs
=== BUILD TARGET cmTC_9b08a OF PROJECT CMAKE_TRY_COMPILE WITH CONFIGURATION Debug ===

Check dependencies
target specifies product type 'com.apple.product-type.tool', but there's no such product type for the 'iphoneos' platform

** BUILD FAILED **


The following build commands failed:
	Check dependencies
(1 failure)

Source file was:
int main(void) { return 0; }
Performing C SOURCE FILE Test IS_FVISIBILITY=HIDDEN_SUPPORTED failed with the following output:
Change Dir: /Users/dragon/Documents/libgit2/build_ios/CMakeFiles/CMakeTmp

Run Build Command:"/usr/bin/xcodebuild" "-project" "CMAKE_TRY_COMPILE.xcodeproj" "build" "-target" "cmTC_b50bf" "-configuration" "Debug"
2016-11-22 19:20:06.091 xcodebuild[15455:1640726] [MT] PluginLoading: Required plug-in compatibility UUID DA4FDFD8-C509-4D8B-8B55-84A7B66AE701 for plug-in at path '~/Library/Application Support/Developer/Shared/Xcode/Plug-ins/Unity4XC.xcplugin' not present in DVTPlugInCompatibilityUUIDs
=== BUILD TARGET cmTC_b50bf OF PROJECT CMAKE_TRY_COMPILE WITH CONFIGURATION Debug ===

Check dependencies
target specifies product type 'com.apple.product-type.tool', but there's no such product type for the 'iphoneos' platform

** BUILD FAILED **


The following build commands failed:
	Check dependencies
(1 failure)

Source file was:
int main(void) { return 0; }
Performing C SOURCE FILE Test IS_WSTRICT-ALIASING=2_SUPPORTED failed with the following output:
Change Dir: /Users/dragon/Documents/libgit2/build_ios/CMakeFiles/CMakeTmp

Run Build Command:"/usr/bin/xcodebuild" "-project" "CMAKE_TRY_COMPILE.xcodeproj" "build" "-target" "cmTC_17749" "-configuration" "Debug"
2016-11-22 19:20:06.881 xcodebuild[15468:1640824] [MT] PluginLoading: Required plug-in compatibility UUID DA4FDFD8-C509-4D8B-8B55-84A7B66AE701 for plug-in at path '~/Library/Application Support/Developer/Shared/Xcode/Plug-ins/Unity4XC.xcplugin' not present in DVTPlugInCompatibilityUUIDs
=== BUILD TARGET cmTC_17749 OF PROJECT CMAKE_TRY_COMPILE WITH CONFIGURATION Debug ===

Check dependencies
target specifies product type 'com.apple.product-type.tool', but there's no such product type for the 'iphoneos' platform

** BUILD FAILED **


The following build commands failed:
	Check dependencies
(1 failure)

Source file was:
int main(void) { return 0; }
Performing C SOURCE FILE Test IS_FVISIBILITY=HIDDEN_SUPPORTED failed with the following output:
Change Dir: /Users/dragon/Documents/libgit2/build_ios/CMakeFiles/CMakeTmp

Run Build Command:"/usr/bin/xcodebuild" "-project" "CMAKE_TRY_COMPILE.xcodeproj" "build" "-target" "cmTC_92fbb" "-configuration" "Debug"
2016-11-22 19:25:02.888 xcodebuild[15527:1642493] [MT] PluginLoading: Required plug-in compatibility UUID DA4FDFD8-C509-4D8B-8B55-84A7B66AE701 for plug-in at path '~/Library/Application Support/Developer/Shared/Xcode/Plug-ins/Unity4XC.xcplugin' not present in DVTPlugInCompatibilityUUIDs
=== BUILD TARGET cmTC_92fbb OF PROJECT CMAKE_TRY_COMPILE WITH CONFIGURATION Debug ===

Check dependencies
target specifies product type 'com.apple.product-type.tool', but there's no such product type for the 'iphoneos' platform

** BUILD FAILED **


The following build commands failed:
	Check dependencies
(1 failure)

Source file was:
int main(void) { return 0; }
Performing C SOURCE FILE Test IS_WSTRICT-ALIASING=2_SUPPORTED failed with the following output:
Change Dir: /Users/dragon/Documents/libgit2/build_ios/CMakeFiles/CMakeTmp

Run Build Command:"/usr/bin/xcodebuild" "-project" "CMAKE_TRY_COMPILE.xcodeproj" "build" "-target" "cmTC_3c589" "-configuration" "Debug"
2016-11-22 19:25:03.672 xcodebuild[15540:1642561] [MT] PluginLoading: Required plug-in compatibility UUID DA4FDFD8-C509-4D8B-8B55-84A7B66AE701 for plug-in at path '~/Library/Application Support/Developer/Shared/Xcode/Plug-ins/Unity4XC.xcplugin' not present in DVTPlugInCompatibilityUUIDs
=== BUILD TARGET cmTC_3c589 OF PROJECT CMAKE_TRY_COMPILE WITH CONFIGURATION Debug ===

Check dependencies
target specifies product type 'com.apple.product-type.tool', but there's no such product type for the 'iphoneos' platform

** BUILD FAILED **


The following build commands failed:
	Check dependencies
(1 failure)

Source file was:
int main(void) { return 0; }
Performing C SOURCE FILE Test IS_FVISIBILITY=HIDDEN_SUPPORTED failed with the following output:
Change Dir: /Users/dragon/Documents/libgit2/build_ios/CMakeFiles/CMakeTmp

Run Build Command:"/usr/bin/xcodebuild" "-project" "CMAKE_TRY_COMPILE.xcodeproj" "build" "-target" "cmTC_42c6e" "-configuration" "Debug"
2016-11-22 19:26:08.845 xcodebuild[15594:1643344] [MT] PluginLoading: Required plug-in compatibility UUID DA4FDFD8-C509-4D8B-8B55-84A7B66AE701 for plug-in at path '~/Library/Application Support/Developer/Shared/Xcode/Plug-ins/Unity4XC.xcplugin' not present in DVTPlugInCompatibilityUUIDs
=== BUILD TARGET cmTC_42c6e OF PROJECT CMAKE_TRY_COMPILE WITH CONFIGURATION Debug ===

Check dependencies
target specifies product type 'com.apple.product-type.tool', but there's no such product type for the 'iphoneos' platform

** BUILD FAILED **


The following build commands failed:
	Check dependencies
(1 failure)

Source file was:
int main(void) { return 0; }
Performing C SOURCE FILE Test IS_WSTRICT-ALIASING=2_SUPPORTED failed with the following output:
Change Dir: /Users/dragon/Documents/libgit2/build_ios/CMakeFiles/CMakeTmp

Run Build Command:"/usr/bin/xcodebuild" "-project" "CMAKE_TRY_COMPILE.xcodeproj" "build" "-target" "cmTC_b9689" "-configuration" "Debug"
2016-11-22 19:26:09.632 xcodebuild[15607:1643386] [MT] PluginLoading: Required plug-in compatibility UUID DA4FDFD8-C509-4D8B-8B55-84A7B66AE701 for plug-in at path '~/Library/Application Support/Developer/Shared/Xcode/Plug-ins/Unity4XC.xcplugin' not present in DVTPlugInCompatibilityUUIDs
=== BUILD TARGET cmTC_b9689 OF PROJECT CMAKE_TRY_COMPILE WITH CONFIGURATION Debug ===

Check dependencies
target specifies product type 'com.apple.product-type.tool', but there's no such product type for the 'iphoneos' platform

** BUILD FAILED **


The following build commands failed:
	Check dependencies
(1 failure)

Source file was:
int main(void) { return 0; }
Performing C SOURCE FILE Test IS_FVISIBILITY=HIDDEN_SUPPORTED failed with the following output:
Change Dir: /Users/dragon/Documents/libgit2/build_ios/CMakeFiles/CMakeTmp

Run Build Command:"/usr/bin/xcodebuild" "-project" "CMAKE_TRY_COMPILE.xcodeproj" "build" "-target" "cmTC_5c6ee" "-configuration" "Debug"
2016-11-22 19:26:46.687 xcodebuild[15628:1644286] [MT] PluginLoading: Required plug-in compatibility UUID DA4FDFD8-C509-4D8B-8B55-84A7B66AE701 for plug-in at path '~/Library/Application Support/Developer/Shared/Xcode/Plug-ins/Unity4XC.xcplugin' not present in DVTPlugInCompatibilityUUIDs
=== BUILD TARGET cmTC_5c6ee OF PROJECT CMAKE_TRY_COMPILE WITH CONFIGURATION Debug ===

Check dependencies
target specifies product type 'com.apple.product-type.tool', but there's no such product type for the 'iphoneos' platform

** BUILD FAILED **


The following build commands failed:
	Check dependencies
(1 failure)

Source file was:
int main(void) { return 0; }
Performing C SOURCE FILE Test IS_WSTRICT-ALIASING=2_SUPPORTED failed with the following output:
Change Dir: /Users/dragon/Documents/libgit2/build_ios/CMakeFiles/CMakeTmp

Run Build Command:"/usr/bin/xcodebuild" "-project" "CMAKE_TRY_COMPILE.xcodeproj" "build" "-target" "cmTC_e37d7" "-configuration" "Debug"
2016-11-22 19:26:47.413 xcodebuild[15641:1644359] [MT] PluginLoading: Required plug-in compatibility UUID DA4FDFD8-C509-4D8B-8B55-84A7B66AE701 for plug-in at path '~/Library/Application Support/Developer/Shared/Xcode/Plug-ins/Unity4XC.xcplugin' not present in DVTPlugInCompatibilityUUIDs
=== BUILD TARGET cmTC_e37d7 OF PROJECT CMAKE_TRY_COMPILE WITH CONFIGURATION Debug ===

Check dependencies
target specifies product type 'com.apple.product-type.tool', but there's no such product type for the 'iphoneos' platform

** BUILD FAILED **


The following build commands failed:
	Check dependencies
(1 failure)

Source file was:
int main(void) { return 0; }
Performing C SOURCE FILE Test IS_FVISIBILITY=HIDDEN_SUPPORTED failed with the following output:
Change Dir: /Users/dragon/Documents/libgit2/build_ios/CMakeFiles/CMakeTmp

Run Build Command:"/usr/bin/xcodebuild" "-project" "CMAKE_TRY_COMPILE.xcodeproj" "build" "-target" "cmTC_385cb" "-configuration" "Debug"
2016-11-22 19:28:26.932 xcodebuild[15987:1645946] [MT] PluginLoading: Required plug-in compatibility UUID DA4FDFD8-C509-4D8B-8B55-84A7B66AE701 for plug-in at path '~/Library/Application Support/Developer/Shared/Xcode/Plug-ins/Unity4XC.xcplugin' not present in DVTPlugInCompatibilityUUIDs
=== BUILD TARGET cmTC_385cb OF PROJECT CMAKE_TRY_COMPILE WITH CONFIGURATION Debug ===

Check dependencies
target specifies product type 'com.apple.product-type.tool', but there's no such product type for the 'iphoneos' platform

** BUILD FAILED **


The following build commands failed:
	Check dependencies
(1 failure)

Source file was:
int main(void) { return 0; }
Performing C SOURCE FILE Test IS_WSTRICT-ALIASING=2_SUPPORTED failed with the following output:
Change Dir: /Users/dragon/Documents/libgit2/build_ios/CMakeFiles/CMakeTmp

Run Build Command:"/usr/bin/xcodebuild" "-project" "CMAKE_TRY_COMPILE.xcodeproj" "build" "-target" "cmTC_c1a6b" "-configuration" "Debug"
2016-11-22 19:28:27.644 xcodebuild[16000:1646011] [MT] PluginLoading: Required plug-in compatibility UUID DA4FDFD8-C509-4D8B-8B55-84A7B66AE701 for plug-in at path '~/Library/Application Support/Developer/Shared/Xcode/Plug-ins/Unity4XC.xcplugin' not present in DVTPlugInCompatibilityUUIDs
=== BUILD TARGET cmTC_c1a6b OF PROJECT CMAKE_TRY_COMPILE WITH CONFIGURATION Debug ===

Check dependencies
target specifies product type 'com.apple.product-type.tool', but there's no such product type for the 'iphoneos' platform

** BUILD FAILED **


The following build commands failed:
	Check dependencies
(1 failure)

Source file was:
int main(void) { return 0; }
Performing C SOURCE FILE Test IS_FVISIBILITY=HIDDEN_SUPPORTED failed with the following output:
Change Dir: /Users/dragon/Documents/libgit2/build_ios/CMakeFiles/CMakeTmp

Run Build Command:"/Applications/Xcode.app/Contents/Developer/usr/bin/xcodebuild" "-project" "CMAKE_TRY_COMPILE.xcodeproj" "build" "-target" "cmTC_e8f9f" "-configuration" "Debug"
2016-11-23 12:52:46.500 xcodebuild[50184:1764677] [MT] PluginLoading: Required plug-in compatibility UUID DA4FDFD8-C509-4D8B-8B55-84A7B66AE701 for plug-in at path '~/Library/Application Support/Developer/Shared/Xcode/Plug-ins/Unity4XC.xcplugin' not present in DVTPlugInCompatibilityUUIDs
Build settings from command line:
    TOOLCHAINS = com.apple.dt.toolchain.XcodeDefault

=== BUILD TARGET cmTC_e8f9f OF PROJECT CMAKE_TRY_COMPILE WITH CONFIGURATION Debug ===

Check dependencies
target specifies product type 'com.apple.product-type.tool', but there's no such product type for the 'iphoneos' platform

** BUILD FAILED **


The following build commands failed:
	Check dependencies
(1 failure)

Source file was:
int main(void) { return 0; }
Performing C SOURCE FILE Test IS_WSTRICT-ALIASING=2_SUPPORTED failed with the following output:
Change Dir: /Users/dragon/Documents/libgit2/build_ios/CMakeFiles/CMakeTmp

Run Build Command:"/Applications/Xcode.app/Contents/Developer/usr/bin/xcodebuild" "-project" "CMAKE_TRY_COMPILE.xcodeproj" "build" "-target" "cmTC_308b1" "-configuration" "Debug"
2016-11-23 12:52:47.701 xcodebuild[50197:1764758] [MT] PluginLoading: Required plug-in compatibility UUID DA4FDFD8-C509-4D8B-8B55-84A7B66AE701 for plug-in at path '~/Library/Application Support/Developer/Shared/Xcode/Plug-ins/Unity4XC.xcplugin' not present in DVTPlugInCompatibilityUUIDs
Build settings from command line:
    TOOLCHAINS = com.apple.dt.toolchain.XcodeDefault

=== BUILD TARGET cmTC_308b1 OF PROJECT CMAKE_TRY_COMPILE WITH CONFIGURATION Debug ===

Check dependencies
target specifies product type 'com.apple.product-type.tool', but there's no such product type for the 'iphoneos' platform

** BUILD FAILED **


The following build commands failed:
	Check dependencies
(1 failure)

Source file was:
int main(void) { return 0; }
Performing C SOURCE FILE Test IS_FVISIBILITY=HIDDEN_SUPPORTED failed with the following output:
Change Dir: /Users/dragon/Documents/libgit2/build_ios/CMakeFiles/CMakeTmp

Run Build Command:"/Applications/Xcode.app/Contents/Developer/usr/bin/xcodebuild" "-project" "CMAKE_TRY_COMPILE.xcodeproj" "build" "-target" "cmTC_7edae" "-configuration" "Debug"
2016-11-23 12:54:53.262 xcodebuild[50530:1766009] [MT] PluginLoading: Required plug-in compatibility UUID DA4FDFD8-C509-4D8B-8B55-84A7B66AE701 for plug-in at path '~/Library/Application Support/Developer/Shared/Xcode/Plug-ins/Unity4XC.xcplugin' not present in DVTPlugInCompatibilityUUIDs
Build settings from command line:
    TOOLCHAINS = com.apple.dt.toolchain.XcodeDefault

=== BUILD TARGET cmTC_7edae OF PROJECT CMAKE_TRY_COMPILE WITH CONFIGURATION Debug ===

Check dependencies
target specifies product type 'com.apple.product-type.tool', but there's no such product type for the 'iphoneos' platform

** BUILD FAILED **


The following build commands failed:
	Check dependencies
(1 failure)

Source file was:
int main(void) { return 0; }
Performing C SOURCE FILE Test IS_WSTRICT-ALIASING=2_SUPPORTED failed with the following output:
Change Dir: /Users/dragon/Documents/libgit2/build_ios/CMakeFiles/CMakeTmp

Run Build Command:"/Applications/Xcode.app/Contents/Developer/usr/bin/xcodebuild" "-project" "CMAKE_TRY_COMPILE.xcodeproj" "build" "-target" "cmTC_a9363" "-configuration" "Debug"
2016-11-23 12:54:54.006 xcodebuild[50543:1766069] [MT] PluginLoading: Required plug-in compatibility UUID DA4FDFD8-C509-4D8B-8B55-84A7B66AE701 for plug-in at path '~/Library/Application Support/Developer/Shared/Xcode/Plug-ins/Unity4XC.xcplugin' not present in DVTPlugInCompatibilityUUIDs
Build settings from command line:
    TOOLCHAINS = com.apple.dt.toolchain.XcodeDefault

=== BUILD TARGET cmTC_a9363 OF PROJECT CMAKE_TRY_COMPILE WITH CONFIGURATION Debug ===

Check dependencies
target specifies product type 'com.apple.product-type.tool', but there's no such product type for the 'iphoneos' platform

** BUILD FAILED **


The following build commands failed:
	Check dependencies
(1 failure)

Source file was:
int main(void) { return 0; }
Performing C SOURCE FILE Test IS_FVISIBILITY=HIDDEN_SUPPORTED failed with the following output:
Change Dir: /Users/dragon/Documents/libgit2/build_ios/CMakeFiles/CMakeTmp

Run Build Command:"/usr/bin/xcodebuild" "-project" "CMAKE_TRY_COMPILE.xcodeproj" "build" "-target" "cmTC_4f833" "-configuration" "Debug"
2016-11-23 12:55:52.968 xcodebuild[50863:1766989] [MT] PluginLoading: Required plug-in compatibility UUID DA4FDFD8-C509-4D8B-8B55-84A7B66AE701 for plug-in at path '~/Library/Application Support/Developer/Shared/Xcode/Plug-ins/Unity4XC.xcplugin' not present in DVTPlugInCompatibilityUUIDs
=== BUILD TARGET cmTC_4f833 OF PROJECT CMAKE_TRY_COMPILE WITH CONFIGURATION Debug ===

Check dependencies
target specifies product type 'com.apple.product-type.tool', but there's no such product type for the 'iphoneos' platform

** BUILD FAILED **


The following build commands failed:
	Check dependencies
(1 failure)

Source file was:
int main(void) { return 0; }
Performing C SOURCE FILE Test IS_WSTRICT-ALIASING=2_SUPPORTED failed with the following output:
Change Dir: /Users/dragon/Documents/libgit2/build_ios/CMakeFiles/CMakeTmp

Run Build Command:"/usr/bin/xcodebuild" "-project" "CMAKE_TRY_COMPILE.xcodeproj" "build" "-target" "cmTC_bf686" "-configuration" "Debug"
2016-11-23 12:55:53.724 xcodebuild[50876:1767062] [MT] PluginLoading: Required plug-in compatibility UUID DA4FDFD8-C509-4D8B-8B55-84A7B66AE701 for plug-in at path '~/Library/Application Support/Developer/Shared/Xcode/Plug-ins/Unity4XC.xcplugin' not present in DVTPlugInCompatibilityUUIDs
=== BUILD TARGET cmTC_bf686 OF PROJECT CMAKE_TRY_COMPILE WITH CONFIGURATION Debug ===

Check dependencies
target specifies product type 'com.apple.product-type.tool', but there's no such product type for the 'iphoneos' platform

** BUILD FAILED **


The following build commands failed:
	Check dependencies
(1 failure)

Source file was:
int main(void) { return 0; }
Performing C SOURCE FILE Test IS_FVISIBILITY=HIDDEN_SUPPORTED failed with the following output:
Change Dir: /Users/dragon/Documents/libgit2/build_ios/CMakeFiles/CMakeTmp

Run Build Command:"/usr/bin/xcodebuild" "-project" "CMAKE_TRY_COMPILE.xcodeproj" "build" "-target" "cmTC_f6c18" "-configuration" "Debug"
2016-11-23 14:48:25.010 xcodebuild[51641:1779935] [MT] PluginLoading: Required plug-in compatibility UUID DA4FDFD8-C509-4D8B-8B55-84A7B66AE701 for plug-in at path '~/Library/Application Support/Developer/Shared/Xcode/Plug-ins/Unity4XC.xcplugin' not present in DVTPlugInCompatibilityUUIDs
=== BUILD TARGET cmTC_f6c18 OF PROJECT CMAKE_TRY_COMPILE WITH CONFIGURATION Debug ===

Check dependencies
target specifies product type 'com.apple.product-type.tool', but there's no such product type for the 'iphoneos' platform

** BUILD FAILED **


The following build commands failed:
	Check dependencies
(1 failure)

Source file was:
int main(void) { return 0; }
Performing C SOURCE FILE Test IS_WSTRICT-ALIASING=2_SUPPORTED failed with the following output:
Change Dir: /Users/dragon/Documents/libgit2/build_ios/CMakeFiles/CMakeTmp

Run Build Command:"/usr/bin/xcodebuild" "-project" "CMAKE_TRY_COMPILE.xcodeproj" "build" "-target" "cmTC_c3a12" "-configuration" "Debug"
2016-11-23 14:48:25.777 xcodebuild[51658:1780063] [MT] PluginLoading: Required plug-in compatibility UUID DA4FDFD8-C509-4D8B-8B55-84A7B66AE701 for plug-in at path '~/Library/Application Support/Developer/Shared/Xcode/Plug-ins/Unity4XC.xcplugin' not present in DVTPlugInCompatibilityUUIDs
=== BUILD TARGET cmTC_c3a12 OF PROJECT CMAKE_TRY_COMPILE WITH CONFIGURATION Debug ===

Check dependencies
target specifies product type 'com.apple.product-type.tool', but there's no such product type for the 'iphoneos' platform

** BUILD FAILED **


The following build commands failed:
	Check dependencies
(1 failure)

Source file was:
int main(void) { return 0; }
Performing C SOURCE FILE Test IS_FVISIBILITY=HIDDEN_SUPPORTED failed with the following output:
Change Dir: /Users/dragon/Documents/libgit2/build_ios/CMakeFiles/CMakeTmp

Run Build Command:"/usr/bin/xcodebuild" "-project" "CMAKE_TRY_COMPILE.xcodeproj" "build" "-target" "cmTC_320e1" "-configuration" "Debug"
2016-11-23 18:35:51.427 xcodebuild[52352:1808001] [MT] PluginLoading: Required plug-in compatibility UUID DA4FDFD8-C509-4D8B-8B55-84A7B66AE701 for plug-in at path '~/Library/Application Support/Developer/Shared/Xcode/Plug-ins/Unity4XC.xcplugin' not present in DVTPlugInCompatibilityUUIDs
=== BUILD TARGET cmTC_320e1 OF PROJECT CMAKE_TRY_COMPILE WITH CONFIGURATION Debug ===

Check dependencies
target specifies product type 'com.apple.product-type.tool', but there's no such product type for the 'iphoneos' platform

** BUILD FAILED **


The following build commands failed:
	Check dependencies
(1 failure)

Source file was:
int main(void) { return 0; }
Performing C SOURCE FILE Test IS_WSTRICT-ALIASING=2_SUPPORTED failed with the following output:
Change Dir: /Users/dragon/Documents/libgit2/build_ios/CMakeFiles/CMakeTmp

Run Build Command:"/usr/bin/xcodebuild" "-project" "CMAKE_TRY_COMPILE.xcodeproj" "build" "-target" "cmTC_5843c" "-configuration" "Debug"
2016-11-23 18:35:52.584 xcodebuild[52372:1808133] [MT] PluginLoading: Required plug-in compatibility UUID DA4FDFD8-C509-4D8B-8B55-84A7B66AE701 for plug-in at path '~/Library/Application Support/Developer/Shared/Xcode/Plug-ins/Unity4XC.xcplugin' not present in DVTPlugInCompatibilityUUIDs
=== BUILD TARGET cmTC_5843c OF PROJECT CMAKE_TRY_COMPILE WITH CONFIGURATION Debug ===

Check dependencies
target specifies product type 'com.apple.product-type.tool', but there's no such product type for the 'iphoneos' platform

** BUILD FAILED **


The following build commands failed:
	Check dependencies
(1 failure)

Source file was:
int main(void) { return 0; }
Performing C SOURCE FILE Test IS_FVISIBILITY=HIDDEN_SUPPORTED failed with the following output:
Change Dir: /Users/dragon/Documents/libgit2/build_ios/CMakeFiles/CMakeTmp

Run Build Command:"/usr/bin/xcodebuild" "-project" "CMAKE_TRY_COMPILE.xcodeproj" "build" "-target" "cmTC_743a0" "-configuration" "Debug"
2016-11-23 18:36:45.898 xcodebuild[52394:1808560] [MT] PluginLoading: Required plug-in compatibility UUID DA4FDFD8-C509-4D8B-8B55-84A7B66AE701 for plug-in at path '~/Library/Application Support/Developer/Shared/Xcode/Plug-ins/Unity4XC.xcplugin' not present in DVTPlugInCompatibilityUUIDs
=== BUILD TARGET cmTC_743a0 OF PROJECT CMAKE_TRY_COMPILE WITH CONFIGURATION Debug ===

Check dependencies
target specifies product type 'com.apple.product-type.tool', but there's no such product type for the 'iphoneos' platform

** BUILD FAILED **


The following build commands failed:
	Check dependencies
(1 failure)

Source file was:
int main(void) { return 0; }
Performing C SOURCE FILE Test IS_WSTRICT-ALIASING=2_SUPPORTED failed with the following output:
Change Dir: /Users/dragon/Documents/libgit2/build_ios/CMakeFiles/CMakeTmp

Run Build Command:"/usr/bin/xcodebuild" "-project" "CMAKE_TRY_COMPILE.xcodeproj" "build" "-target" "cmTC_72466" "-configuration" "Debug"
2016-11-23 18:36:46.664 xcodebuild[52410:1808635] [MT] PluginLoading: Required plug-in compatibility UUID DA4FDFD8-C509-4D8B-8B55-84A7B66AE701 for plug-in at path '~/Library/Application Support/Developer/Shared/Xcode/Plug-ins/Unity4XC.xcplugin' not present in DVTPlugInCompatibilityUUIDs
=== BUILD TARGET cmTC_72466 OF PROJECT CMAKE_TRY_COMPILE WITH CONFIGURATION Debug ===

Check dependencies
target specifies product type 'com.apple.product-type.tool', but there's no such product type for the 'iphoneos' platform

** BUILD FAILED **


The following build commands failed:
	Check dependencies
(1 failure)

Source file was:
int main(void) { return 0; }
Performing C SOURCE FILE Test IS_FVISIBILITY=HIDDEN_SUPPORTED failed with the following output:
Change Dir: /Users/dragon/Documents/libgit2/build_ios/CMakeFiles/CMakeTmp

Run Build Command:"/usr/bin/xcodebuild" "-project" "CMAKE_TRY_COMPILE.xcodeproj" "build" "-target" "cmTC_a644f" "-configuration" "Debug"
2016-11-23 20:14:04.129 xcodebuild[53197:1822082] [MT] PluginLoading: Required plug-in compatibility UUID DA4FDFD8-C509-4D8B-8B55-84A7B66AE701 for plug-in at path '~/Library/Application Support/Developer/Shared/Xcode/Plug-ins/Unity4XC.xcplugin' not present in DVTPlugInCompatibilityUUIDs
=== BUILD TARGET cmTC_a644f OF PROJECT CMAKE_TRY_COMPILE WITH CONFIGURATION Debug ===

Check dependencies
target specifies product type 'com.apple.product-type.tool', but there's no such product type for the 'iphoneos' platform

** BUILD FAILED **


The following build commands failed:
	Check dependencies
(1 failure)

Source file was:
int main(void) { return 0; }
Performing C SOURCE FILE Test IS_WSTRICT-ALIASING=2_SUPPORTED failed with the following output:
Change Dir: /Users/dragon/Documents/libgit2/build_ios/CMakeFiles/CMakeTmp

Run Build Command:"/usr/bin/xcodebuild" "-project" "CMAKE_TRY_COMPILE.xcodeproj" "build" "-target" "cmTC_b221a" "-configuration" "Debug"
2016-11-23 20:14:04.894 xcodebuild[53214:1822168] [MT] PluginLoading: Required plug-in compatibility UUID DA4FDFD8-C509-4D8B-8B55-84A7B66AE701 for plug-in at path '~/Library/Application Support/Developer/Shared/Xcode/Plug-ins/Unity4XC.xcplugin' not present in DVTPlugInCompatibilityUUIDs
=== BUILD TARGET cmTC_b221a OF PROJECT CMAKE_TRY_COMPILE WITH CONFIGURATION Debug ===

Check dependencies
target specifies product type 'com.apple.product-type.tool', but there's no such product type for the 'iphoneos' platform

** BUILD FAILED **


The following build commands failed:
	Check dependencies
(1 failure)

Source file was:
int main(void) { return 0; }
Performing C SOURCE FILE Test IS_FVISIBILITY=HIDDEN_SUPPORTED failed with the following output:
Change Dir: /Users/dragon/Documents/libgit2/build_ios/CMakeFiles/CMakeTmp

Run Build Command:"/usr/bin/xcodebuild" "-project" "CMAKE_TRY_COMPILE.xcodeproj" "build" "-target" "cmTC_fb89b" "-configuration" "Debug"
2016-11-23 20:16:02.402 xcodebuild[53281:1823036] [MT] PluginLoading: Required plug-in compatibility UUID DA4FDFD8-C509-4D8B-8B55-84A7B66AE701 for plug-in at path '~/Library/Application Support/Developer/Shared/Xcode/Plug-ins/Unity4XC.xcplugin' not present in DVTPlugInCompatibilityUUIDs
=== BUILD TARGET cmTC_fb89b OF PROJECT CMAKE_TRY_COMPILE WITH CONFIGURATION Debug ===

Check dependencies
target specifies product type 'com.apple.product-type.tool', but there's no such product type for the 'iphoneos' platform

** BUILD FAILED **


The following build commands failed:
	Check dependencies
(1 failure)

Source file was:
int main(void) { return 0; }
Performing C SOURCE FILE Test IS_WSTRICT-ALIASING=2_SUPPORTED failed with the following output:
Change Dir: /Users/dragon/Documents/libgit2/build_ios/CMakeFiles/CMakeTmp

Run Build Command:"/usr/bin/xcodebuild" "-project" "CMAKE_TRY_COMPILE.xcodeproj" "build" "-target" "cmTC_cbde5" "-configuration" "Debug"
2016-11-23 20:16:03.155 xcodebuild[53297:1823111] [MT] PluginLoading: Required plug-in compatibility UUID DA4FDFD8-C509-4D8B-8B55-84A7B66AE701 for plug-in at path '~/Library/Application Support/Developer/Shared/Xcode/Plug-ins/Unity4XC.xcplugin' not present in DVTPlugInCompatibilityUUIDs
=== BUILD TARGET cmTC_cbde5 OF PROJECT CMAKE_TRY_COMPILE WITH CONFIGURATION Debug ===

Check dependencies
target specifies product type 'com.apple.product-type.tool', but there's no such product type for the 'iphoneos' platform

** BUILD FAILED **


The following build commands failed:
	Check dependencies
(1 failure)

Source file was:
int main(void) { return 0; }
Performing C SOURCE FILE Test IS_FVISIBILITY=HIDDEN_SUPPORTED failed with the following output:
Change Dir: /Users/dragon/Documents/libgit2/build_ios/CMakeFiles/CMakeTmp

Run Build Command:"/usr/bin/xcodebuild" "-project" "CMAKE_TRY_COMPILE.xcodeproj" "build" "-target" "cmTC_303d1" "-configuration" "Debug"
2016-11-23 20:16:39.541 xcodebuild[53361:1823454] [MT] PluginLoading: Required plug-in compatibility UUID DA4FDFD8-C509-4D8B-8B55-84A7B66AE701 for plug-in at path '~/Library/Application Support/Developer/Shared/Xcode/Plug-ins/Unity4XC.xcplugin' not present in DVTPlugInCompatibilityUUIDs
=== BUILD TARGET cmTC_303d1 OF PROJECT CMAKE_TRY_COMPILE WITH CONFIGURATION Debug ===

Check dependencies
target specifies product type 'com.apple.product-type.tool', but there's no such product type for the 'iphoneos' platform

** BUILD FAILED **


The following build commands failed:
	Check dependencies
(1 failure)

Source file was:
int main(void) { return 0; }
Performing C SOURCE FILE Test IS_WSTRICT-ALIASING=2_SUPPORTED failed with the following output:
Change Dir: /Users/dragon/Documents/libgit2/build_ios/CMakeFiles/CMakeTmp

Run Build Command:"/usr/bin/xcodebuild" "-project" "CMAKE_TRY_COMPILE.xcodeproj" "build" "-target" "cmTC_4f57f" "-configuration" "Debug"
2016-11-23 20:16:40.345 xcodebuild[53377:1823533] [MT] PluginLoading: Required plug-in compatibility UUID DA4FDFD8-C509-4D8B-8B55-84A7B66AE701 for plug-in at path '~/Library/Application Support/Developer/Shared/Xcode/Plug-ins/Unity4XC.xcplugin' not present in DVTPlugInCompatibilityUUIDs
=== BUILD TARGET cmTC_4f57f OF PROJECT CMAKE_TRY_COMPILE WITH CONFIGURATION Debug ===

Check dependencies
target specifies product type 'com.apple.product-type.tool', but there's no such product type for the 'iphoneos' platform

** BUILD FAILED **


The following build commands failed:
	Check dependencies
(1 failure)

Source file was:
int main(void) { return 0; }
Performing C SOURCE FILE Test IS_FVISIBILITY=HIDDEN_SUPPORTED failed with the following output:
Change Dir: /Users/dragon/Documents/libgit2/build_ios/CMakeFiles/CMakeTmp

Run Build Command:"/usr/bin/xcodebuild" "-project" "CMAKE_TRY_COMPILE.xcodeproj" "build" "-target" "cmTC_68f8d" "-configuration" "Debug"
2016-11-23 20:16:50.716 xcodebuild[53441:1823692] [MT] PluginLoading: Required plug-in compatibility UUID DA4FDFD8-C509-4D8B-8B55-84A7B66AE701 for plug-in at path '~/Library/Application Support/Developer/Shared/Xcode/Plug-ins/Unity4XC.xcplugin' not present in DVTPlugInCompatibilityUUIDs
=== BUILD TARGET cmTC_68f8d OF PROJECT CMAKE_TRY_COMPILE WITH CONFIGURATION Debug ===

Check dependencies
target specifies product type 'com.apple.product-type.tool', but there's no such product type for the 'iphoneos' platform

** BUILD FAILED **


The following build commands failed:
	Check dependencies
(1 failure)

Source file was:
int main(void) { return 0; }
Performing C SOURCE FILE Test IS_WSTRICT-ALIASING=2_SUPPORTED failed with the following output:
Change Dir: /Users/dragon/Documents/libgit2/build_ios/CMakeFiles/CMakeTmp

Run Build Command:"/usr/bin/xcodebuild" "-project" "CMAKE_TRY_COMPILE.xcodeproj" "build" "-target" "cmTC_25c0f" "-configuration" "Debug"
2016-11-23 20:16:51.474 xcodebuild[53457:1823739] [MT] PluginLoading: Required plug-in compatibility UUID DA4FDFD8-C509-4D8B-8B55-84A7B66AE701 for plug-in at path '~/Library/Application Support/Developer/Shared/Xcode/Plug-ins/Unity4XC.xcplugin' not present in DVTPlugInCompatibilityUUIDs
=== BUILD TARGET cmTC_25c0f OF PROJECT CMAKE_TRY_COMPILE WITH CONFIGURATION Debug ===

Check dependencies
target specifies product type 'com.apple.product-type.tool', but there's no such product type for the 'iphoneos' platform

** BUILD FAILED **


The following build commands failed:
	Check dependencies
(1 failure)

Source file was:
int main(void) { return 0; }
Performing C SOURCE FILE Test IS_FVISIBILITY=HIDDEN_SUPPORTED failed with the following output:
Change Dir: /Users/dragon/Documents/libgit2/build_ios/CMakeFiles/CMakeTmp

Run Build Command:"/usr/bin/xcodebuild" "-project" "CMAKE_TRY_COMPILE.xcodeproj" "build" "-target" "cmTC_c7056" "-configuration" "Debug"
2016-11-23 20:20:54.036 xcodebuild[53568:1825655] [MT] PluginLoading: Required plug-in compatibility UUID DA4FDFD8-C509-4D8B-8B55-84A7B66AE701 for plug-in at path '~/Library/Application Support/Developer/Shared/Xcode/Plug-ins/Unity4XC.xcplugin' not present in DVTPlugInCompatibilityUUIDs
=== BUILD TARGET cmTC_c7056 OF PROJECT CMAKE_TRY_COMPILE WITH CONFIGURATION Debug ===

Check dependencies
target specifies product type 'com.apple.product-type.tool', but there's no such product type for the 'iphoneos' platform

** BUILD FAILED **


The following build commands failed:
	Check dependencies
(1 failure)

Source file was:
int main(void) { return 0; }
Performing C SOURCE FILE Test IS_WSTRICT-ALIASING=2_SUPPORTED failed with the following output:
Change Dir: /Users/dragon/Documents/libgit2/build_ios/CMakeFiles/CMakeTmp

Run Build Command:"/usr/bin/xcodebuild" "-project" "CMAKE_TRY_COMPILE.xcodeproj" "build" "-target" "cmTC_bad35" "-configuration" "Debug"
2016-11-23 20:20:54.829 xcodebuild[53584:1825718] [MT] PluginLoading: Required plug-in compatibility UUID DA4FDFD8-C509-4D8B-8B55-84A7B66AE701 for plug-in at path '~/Library/Application Support/Developer/Shared/Xcode/Plug-ins/Unity4XC.xcplugin' not present in DVTPlugInCompatibilityUUIDs
=== BUILD TARGET cmTC_bad35 OF PROJECT CMAKE_TRY_COMPILE WITH CONFIGURATION Debug ===

Check dependencies
target specifies product type 'com.apple.product-type.tool', but there's no such product type for the 'iphoneos' platform

** BUILD FAILED **


The following build commands failed:
	Check dependencies
(1 failure)

Source file was:
int main(void) { return 0; }
Performing C SOURCE FILE Test IS_FVISIBILITY=HIDDEN_SUPPORTED failed with the following output:
Change Dir: /Users/dragon/Documents/libgit2/build_ios/CMakeFiles/CMakeTmp

Run Build Command:"/usr/bin/xcodebuild" "-project" "CMAKE_TRY_COMPILE.xcodeproj" "build" "-target" "cmTC_b1703" "-configuration" "Debug"
2016-11-23 20:22:41.631 xcodebuild[53689:1826771] [MT] PluginLoading: Required plug-in compatibility UUID DA4FDFD8-C509-4D8B-8B55-84A7B66AE701 for plug-in at path '~/Library/Application Support/Developer/Shared/Xcode/Plug-ins/Unity4XC.xcplugin' not present in DVTPlugInCompatibilityUUIDs
=== BUILD TARGET cmTC_b1703 OF PROJECT CMAKE_TRY_COMPILE WITH CONFIGURATION Debug ===

Check dependencies
target specifies product type 'com.apple.product-type.tool', but there's no such product type for the 'iphoneos' platform

** BUILD FAILED **


The following build commands failed:
	Check dependencies
(1 failure)

Source file was:
int main(void) { return 0; }
Performing C SOURCE FILE Test IS_WSTRICT-ALIASING=2_SUPPORTED failed with the following output:
Change Dir: /Users/dragon/Documents/libgit2/build_ios/CMakeFiles/CMakeTmp

Run Build Command:"/usr/bin/xcodebuild" "-project" "CMAKE_TRY_COMPILE.xcodeproj" "build" "-target" "cmTC_f5ea3" "-configuration" "Debug"
2016-11-23 20:22:42.469 xcodebuild[53705:1826843] [MT] PluginLoading: Required plug-in compatibility UUID DA4FDFD8-C509-4D8B-8B55-84A7B66AE701 for plug-in at path '~/Library/Application Support/Developer/Shared/Xcode/Plug-ins/Unity4XC.xcplugin' not present in DVTPlugInCompatibilityUUIDs
=== BUILD TARGET cmTC_f5ea3 OF PROJECT CMAKE_TRY_COMPILE WITH CONFIGURATION Debug ===

Check dependencies
target specifies product type 'com.apple.product-type.tool', but there's no such product type for the 'iphoneos' platform

** BUILD FAILED **


The following build commands failed:
	Check dependencies
(1 failure)

Source file was:
int main(void) { return 0; }
Performing C SOURCE FILE Test IS_FVISIBILITY=HIDDEN_SUPPORTED failed with the following output:
Change Dir: /Users/dragon/Documents/libgit2/build_ios/CMakeFiles/CMakeTmp

Run Build Command:"/usr/bin/xcodebuild" "-project" "CMAKE_TRY_COMPILE.xcodeproj" "build" "-target" "cmTC_485ba" "-configuration" "Debug"
2016-11-23 20:32:51.089 xcodebuild[53806:1829215] [MT] PluginLoading: Required plug-in compatibility UUID DA4FDFD8-C509-4D8B-8B55-84A7B66AE701 for plug-in at path '~/Library/Application Support/Developer/Shared/Xcode/Plug-ins/Unity4XC.xcplugin' not present in DVTPlugInCompatibilityUUIDs
=== BUILD TARGET cmTC_485ba OF PROJECT CMAKE_TRY_COMPILE WITH CONFIGURATION Debug ===

Check dependencies
target specifies product type 'com.apple.product-type.tool', but there's no such product type for the 'iphoneos' platform

** BUILD FAILED **


The following build commands failed:
	Check dependencies
(1 failure)

Source file was:
int main(void) { return 0; }
Performing C SOURCE FILE Test IS_WSTRICT-ALIASING=2_SUPPORTED failed with the following output:
Change Dir: /Users/dragon/Documents/libgit2/build_ios/CMakeFiles/CMakeTmp

Run Build Command:"/usr/bin/xcodebuild" "-project" "CMAKE_TRY_COMPILE.xcodeproj" "build" "-target" "cmTC_68e8d" "-configuration" "Debug"
2016-11-23 20:32:51.853 xcodebuild[53822:1829292] [MT] PluginLoading: Required plug-in compatibility UUID DA4FDFD8-C509-4D8B-8B55-84A7B66AE701 for plug-in at path '~/Library/Application Support/Developer/Shared/Xcode/Plug-ins/Unity4XC.xcplugin' not present in DVTPlugInCompatibilityUUIDs
=== BUILD TARGET cmTC_68e8d OF PROJECT CMAKE_TRY_COMPILE WITH CONFIGURATION Debug ===

Check dependencies
target specifies product type 'com.apple.product-type.tool', but there's no such product type for the 'iphoneos' platform

** BUILD FAILED **


The following build commands failed:
	Check dependencies
(1 failure)

Source file was:
int main(void) { return 0; }
